# JRE version: Java(TM) SE Runtime Environment (8.0_261-b12) (build 1.8.0_261-b12)
# Java VM: Java HotSpot(TM) Client VM (25.261-b12 mixed mode, sharing windows-x86 )
Heap:
 def new generation   total 4928K, used 2706K [0x04600000, 0x04b50000, 0x09b50000)
  eden space 4416K,  53% used [0x04600000, 0x0484a4c8, 0x04a50000)
  from space 512K,  70% used [0x04ad0000, 0x04b2a420, 0x04b50000)
  to   space 512K,   0% used [0x04a50000, 0x04a50000, 0x04ad0000)
 tenured generation   total 10944K, used 3818K [0x09b50000, 0x0a600000, 0x14600000)
   the space 10944K,  34% used [0x09b50000, 0x09f0a988, 0x09f0aa00, 0x0a600000)
 Metaspace       used 3334K, capacity 5249K, committed 5376K, reserved 5504K
GC Heap History (10 events):
Event: 0.726 GC heap before
{Heap before GC invocations=4 (full 0):
 def new generation   total 4928K, used 4901K [0x04600000, 0x04b50000, 0x09b50000)
  eden space 4416K,  99% used [0x04600000, 0x04a494c8, 0x04a50000)
  from space 512K, 100% used [0x04a50000, 0x04ad0000, 0x04ad0000)
  to   space 512K,   0% used [0x04ad0000, 0x04ad0000, 0x04b50000)
 tenured generation   total 10944K, used 2210K [0x09b50000, 0x0a600000, 0x14600000)
   the space 10944K,  20% used [0x09b50000, 0x09d78870, 0x09d78a00, 0x0a600000)
 Metaspace       used 3188K, capacity 5079K, committed 5120K, reserved 5504K
Event: 0.726 GC heap after
Heap after GC invocations=5 (full 0):
 def new generation   total 4928K, used 512K [0x04600000, 0x04b50000, 0x09b50000)
  eden space 4416K,   0% used [0x04600000, 0x04600000, 0x04a50000)
  from space 512K, 100% used [0x04ad0000, 0x04b50000, 0x04b50000)
  to   space 512K,   0% used [0x04a50000, 0x04a50000, 0x04ad0000)
 tenured generation   total 10944K, used 2501K [0x09b50000, 0x0a600000, 0x14600000)
   the space 10944K,  22% used [0x09b50000, 0x09dc1770, 0x09dc1800, 0x0a600000)
 Metaspace       used 3188K, capacity 5079K, committed 5120K, reserved 5504K
}
Event: 0.741 GC heap before
{Heap before GC invocations=5 (full 0):
 def new generation   total 4928K, used 4864K [0x04600000, 0x04b50000, 0x09b50000)
  eden space 4416K,  98% used [0x04600000, 0x04a40018, 0x04a50000)
  from space 512K, 100% used [0x04ad0000, 0x04b50000, 0x04b50000)
  to   space 512K,   0% used [0x04a50000, 0x04a50000, 0x04ad0000)
 tenured generation   total 10944K, used 2501K [0x09b50000, 0x0a600000, 0x14600000)
   the space 10944K,  22% used [0x09b50000, 0x09dc1770, 0x09dc1800, 0x0a600000)
 Metaspace       used 3300K, capacity 5210K, committed 5248K, reserved 5504K
Event: 0.742 GC heap after
Heap after GC invocations=6 (full 0):
 def new generation   total 4928K, used 446K [0x04600000, 0x04b50000, 0x09b50000)
  eden space 4416K,   0% used [0x04600000, 0x04600000, 0x04a50000)
  from space 512K,  87% used [0x04a50000, 0x04abf880, 0x04ad0000)
  to   space 512K,   0% used [0x04ad0000, 0x04ad0000, 0x04b50000)
 tenured generation   total 10944K, used 2779K [0x09b50000, 0x0a600000, 0x14600000)
   the space 10944K,  25% used [0x09b50000, 0x09e06e28, 0x09e07000, 0x0a600000)
 Metaspace       used 3300K, capacity 5210K, committed 5248K, reserved 5504K
}
Event: 0.750 GC heap before
{Heap before GC invocations=6 (full 0):
 def new generation   total 4928K, used 4862K [0x04600000, 0x04b50000, 0x09b50000)
  eden space 4416K, 100% used [0x04600000, 0x04a50000, 0x04a50000)
  from space 512K,  87% used [0x04a50000, 0x04abf880, 0x04ad0000)
  to   space 512K,   0% used [0x04ad0000, 0x04ad0000, 0x04b50000)
 tenured generation   total 10944K, used 2779K [0x09b50000, 0x0a600000, 0x14600000)
   the space 10944K,  25% used [0x09b50000, 0x09e06e28, 0x09e07000, 0x0a600000)
 Metaspace       used 3300K, capacity 5210K, committed 5248K, reserved 5504K
Event: 0.751 GC heap after
Heap after GC invocations=7 (full 0):
 def new generation   total 4928K, used 432K [0x04600000, 0x04b50000, 0x09b50000)
  eden space 4416K,   0% used [0x04600000, 0x04600000, 0x04a50000)
  from space 512K,  84% used [0x04ad0000, 0x04b3c398, 0x04b50000)
  to   space 512K,   0% used [0x04a50000, 0x04a50000, 0x04ad0000)
 tenured generation   total 10944K, used 3104K [0x09b50000, 0x0a600000, 0x14600000)
   the space 10944K,  28% used [0x09b50000, 0x09e581c0, 0x09e58200, 0x0a600000)
 Metaspace       used 3300K, capacity 5210K, committed 5248K, reserved 5504K
}
Event: 0.758 GC heap before
{Heap before GC invocations=7 (full 0):
 def new generation   total 4928K, used 4848K [0x04600000, 0x04b50000, 0x09b50000)
  eden space 4416K, 100% used [0x04600000, 0x04a50000, 0x04a50000)
  from space 512K,  84% used [0x04ad0000, 0x04b3c398, 0x04b50000)
  to   space 512K,   0% used [0x04a50000, 0x04a50000, 0x04ad0000)
 tenured generation   total 10944K, used 3104K [0x09b50000, 0x0a600000, 0x14600000)
   the space 10944K,  28% used [0x09b50000, 0x09e581c0, 0x09e58200, 0x0a600000)
 Metaspace       used 3300K, capacity 5210K, committed 5248K, reserved 5504K
Event: 0.760 GC heap after
Heap after GC invocations=8 (full 0):
 def new generation   total 4928K, used 433K [0x04600000, 0x04b50000, 0x09b50000)
  eden space 4416K,   0% used [0x04600000, 0x04600000, 0x04a50000)
  from space 512K,  84% used [0x04a50000, 0x04abc440, 0x04ad0000)
  to   space 512K,   0% used [0x04ad0000, 0x04ad0000, 0x04b50000)
 tenured generation   total 10944K, used 3461K [0x09b50000, 0x0a600000, 0x14600000)
   the space 10944K,  31% used [0x09b50000, 0x09eb1550, 0x09eb1600, 0x0a600000)
 Metaspace       used 3300K, capacity 5210K, committed 5248K, reserved 5504K
}
Event: 0.767 GC heap before
{Heap before GC invocations=8 (full 0):
 def new generation   total 4928K, used 4777K [0x04600000, 0x04b50000, 0x09b50000)
  eden space 4416K,  98% used [0x04600000, 0x04a3e370, 0x04a50000)
  from space 512K,  84% used [0x04a50000, 0x04abc440, 0x04ad0000)
  to   space 512K,   0% used [0x04ad0000, 0x04ad0000, 0x04b50000)
 tenured generation   total 10944K, used 3461K [0x09b50000, 0x0a600000, 0x14600000)
   the space 10944K,  31% used [0x09b50000, 0x09eb1550, 0x09eb1600, 0x0a600000)
 Metaspace       used 3300K, capacity 5210K, committed 5248K, reserved 5504K
Event: 0.768 GC heap after
Heap after GC invocations=9 (full 0):
 def new generation   total 4928K, used 361K [0x04600000, 0x04b50000, 0x09b50000)
  eden space 4416K,   0% used [0x04600000, 0x04600000, 0x04a50000)
  from space 512K,  70% used [0x04ad0000, 0x04b2a420, 0x04b50000)
  to   space 512K,   0% used [0x04a50000, 0x04a50000, 0x04ad0000)
 tenured generation   total 10944K, used 3818K [0x09b50000, 0x0a600000, 0x14600000)
   the space 10944K,  34% used [0x09b50000, 0x09f0a988, 0x09f0aa00, 0x0a600000)
 Metaspace       used 3300K, capacity 5210K, committed 5248K, reserved 5504K
}

