# JRE version: Java(TM) SE Runtime Environment (8.0_261-b12) (build 1.8.0_261-b12)
# Java VM: Java HotSpot(TM) Client VM (25.261-b12 mixed mode windows-x86 )
Heap:
 def new generation   total 4928K, used 2707K [0x05000000, 0x05550000, 0x0a550000)
  eden space 4416K,  53% used [0x05000000, 0x0524a928, 0x05450000)
  from space 512K,  70% used [0x054d0000, 0x0552a420, 0x05550000)
  to   space 512K,   0% used [0x05450000, 0x05450000, 0x054d0000)
 tenured generation   total 10944K, used 3818K [0x0a550000, 0x0b000000, 0x15000000)
   the space 10944K,  34% used [0x0a550000, 0x0a90a980, 0x0a90aa00, 0x0b000000)
 Metaspace       used 6102K, capacity 6345K, committed 6400K, reserved 6528K
GC Heap History (10 events):
Event: 1.421 GC heap before
{Heap before GC invocations=4 (full 0):
 def new generation   total 4928K, used 4902K [0x05000000, 0x05550000, 0x0a550000)
  eden space 4416K,  99% used [0x05000000, 0x05449820, 0x05450000)
  from space 512K, 100% used [0x05450000, 0x054d0000, 0x054d0000)
  to   space 512K,   0% used [0x054d0000, 0x054d0000, 0x05550000)
 tenured generation   total 10944K, used 2210K [0x0a550000, 0x0b000000, 0x15000000)
   the space 10944K,  20% used [0x0a550000, 0x0a778988, 0x0a778a00, 0x0b000000)
 Metaspace       used 5956K, capacity 6175K, committed 6272K, reserved 6528K
Event: 1.422 GC heap after
Heap after GC invocations=5 (full 0):
 def new generation   total 4928K, used 512K [0x05000000, 0x05550000, 0x0a550000)
  eden space 4416K,   0% used [0x05000000, 0x05000000, 0x05450000)
  from space 512K, 100% used [0x054d0000, 0x05550000, 0x05550000)
  to   space 512K,   0% used [0x05450000, 0x05450000, 0x054d0000)
 tenured generation   total 10944K, used 2501K [0x0a550000, 0x0b000000, 0x15000000)
   the space 10944K,  22% used [0x0a550000, 0x0a7c17f8, 0x0a7c1800, 0x0b000000)
 Metaspace       used 5956K, capacity 6175K, committed 6272K, reserved 6528K
}
Event: 1.439 GC heap before
{Heap before GC invocations=5 (full 0):
 def new generation   total 4928K, used 4859K [0x05000000, 0x05550000, 0x0a550000)
  eden space 4416K,  98% used [0x05000000, 0x0543ee40, 0x05450000)
  from space 512K, 100% used [0x054d0000, 0x05550000, 0x05550000)
  to   space 512K,   0% used [0x05450000, 0x05450000, 0x054d0000)
 tenured generation   total 10944K, used 2501K [0x0a550000, 0x0b000000, 0x15000000)
   the space 10944K,  22% used [0x0a550000, 0x0a7c17f8, 0x0a7c1800, 0x0b000000)
 Metaspace       used 6067K, capacity 6306K, committed 6400K, reserved 6528K
Event: 1.440 GC heap after
Heap after GC invocations=6 (full 0):
 def new generation   total 4928K, used 446K [0x05000000, 0x05550000, 0x0a550000)
  eden space 4416K,   0% used [0x05000000, 0x05000000, 0x05450000)
  from space 512K,  87% used [0x05450000, 0x054bf880, 0x054d0000)
  to   space 512K,   0% used [0x054d0000, 0x054d0000, 0x05550000)
 tenured generation   total 10944K, used 2779K [0x0a550000, 0x0b000000, 0x15000000)
   the space 10944K,  25% used [0x0a550000, 0x0a806e20, 0x0a807000, 0x0b000000)
 Metaspace       used 6067K, capacity 6306K, committed 6400K, reserved 6528K
}
Event: 1.445 GC heap before
{Heap before GC invocations=6 (full 0):
 def new generation   total 4928K, used 4862K [0x05000000, 0x05550000, 0x0a550000)
  eden space 4416K, 100% used [0x05000000, 0x05450000, 0x05450000)
  from space 512K,  87% used [0x05450000, 0x054bf880, 0x054d0000)
  to   space 512K,   0% used [0x054d0000, 0x054d0000, 0x05550000)
 tenured generation   total 10944K, used 2779K [0x0a550000, 0x0b000000, 0x15000000)
   the space 10944K,  25% used [0x0a550000, 0x0a806e20, 0x0a807000, 0x0b000000)
 Metaspace       used 6067K, capacity 6306K, committed 6400K, reserved 6528K
Event: 1.446 GC heap after
Heap after GC invocations=7 (full 0):
 def new generation   total 4928K, used 432K [0x05000000, 0x05550000, 0x0a550000)
  eden space 4416K,   0% used [0x05000000, 0x05000000, 0x05450000)
  from space 512K,  84% used [0x054d0000, 0x0553c398, 0x05550000)
  to   space 512K,   0% used [0x05450000, 0x05450000, 0x054d0000)
 tenured generation   total 10944K, used 3104K [0x0a550000, 0x0b000000, 0x15000000)
   the space 10944K,  28% used [0x0a550000, 0x0a8581b8, 0x0a858200, 0x0b000000)
 Metaspace       used 6067K, capacity 6306K, committed 6400K, reserved 6528K
}
Event: 1.451 GC heap before
{Heap before GC invocations=7 (full 0):
 def new generation   total 4928K, used 4777K [0x05000000, 0x05550000, 0x0a550000)
  eden space 4416K,  98% used [0x05000000, 0x0543e370, 0x05450000)
  from space 512K,  84% used [0x054d0000, 0x0553c398, 0x05550000)
  to   space 512K,   0% used [0x05450000, 0x05450000, 0x054d0000)
 tenured generation   total 10944K, used 3104K [0x0a550000, 0x0b000000, 0x15000000)
   the space 10944K,  28% used [0x0a550000, 0x0a8581b8, 0x0a858200, 0x0b000000)
 Metaspace       used 6067K, capacity 6306K, committed 6400K, reserved 6528K
Event: 1.452 GC heap after
Heap after GC invocations=8 (full 0):
 def new generation   total 4928K, used 361K [0x05000000, 0x05550000, 0x0a550000)
  eden space 4416K,   0% used [0x05000000, 0x05000000, 0x05450000)
  from space 512K,  70% used [0x05450000, 0x054aa430, 0x054d0000)
  to   space 512K,   0% used [0x054d0000, 0x054d0000, 0x05550000)
 tenured generation   total 10944K, used 3461K [0x0a550000, 0x0b000000, 0x15000000)
   the space 10944K,  31% used [0x0a550000, 0x0a8b1548, 0x0a8b1600, 0x0b000000)
 Metaspace       used 6067K, capacity 6306K, committed 6400K, reserved 6528K
}
Event: 1.457 GC heap before
{Heap before GC invocations=8 (full 0):
 def new generation   total 4928K, used 4777K [0x05000000, 0x05550000, 0x0a550000)
  eden space 4416K, 100% used [0x05000000, 0x05450000, 0x05450000)
  from space 512K,  70% used [0x05450000, 0x054aa430, 0x054d0000)
  to   space 512K,   0% used [0x054d0000, 0x054d0000, 0x05550000)
 tenured generation   total 10944K, used 3461K [0x0a550000, 0x0b000000, 0x15000000)
   the space 10944K,  31% used [0x0a550000, 0x0a8b1548, 0x0a8b1600, 0x0b000000)
 Metaspace       used 6067K, capacity 6306K, committed 6400K, reserved 6528K
Event: 1.459 GC heap after
Heap after GC invocations=9 (full 0):
 def new generation   total 4928K, used 361K [0x05000000, 0x05550000, 0x0a550000)
  eden space 4416K,   0% used [0x05000000, 0x05000000, 0x05450000)
  from space 512K,  70% used [0x054d0000, 0x0552a420, 0x05550000)
  to   space 512K,   0% used [0x05450000, 0x05450000, 0x054d0000)
 tenured generation   total 10944K, used 3818K [0x0a550000, 0x0b000000, 0x15000000)
   the space 10944K,  34% used [0x0a550000, 0x0a90a980, 0x0a90aa00, 0x0b000000)
 Metaspace       used 6067K, capacity 6306K, committed 6400K, reserved 6528K
}

